Arguments: 
  D:\Program Files\nodejs\node.exe C:\Users\常东辉\AppData\Roaming\npm\node_modules\yarn\bin\yarn.js add @types/dayjs

PATH: 
  D:\Program Files\HBuilderX;C:\Program Files (x86)\Common Files\Oracle\Java\javapath;C:\Windows\system32;C:\Windows;C:\Windows\System32\Wbem;C:\Windows\System32\WindowsPowerShell\v1.0\;C:\Windows\System32\OpenSSH\;C:\Program Files (x86)\NVIDIA Corporation\PhysX\Common;C:\Program Files\NVIDIA Corporation\NVIDIA NvDLISR;C:\Program Files\Bandizip\;D:\Program Files\nodejs\;d:\Program Files\Git\cmd;C:\Users\常东辉\AppData\Local\Programs\Python\Python311\Scripts;C:\Users\常东辉\AppData\Local\Programs\Python\Python311\;C:\Program Files\dotnet\;D:\Program Files\mysql-5.7.36-winx64\bin;D:\Program Files\;C:\Users\常东辉\AppData\Local\Microsoft\WindowsApps;C:\Users\常东辉\AppData\Roaming\npm;D:\Users\常东辉\AppData\Local\Programs\Microsoft VS Code\bin;c:\users\常东辉\.local\bin;c:\users\常东辉\appdata\roaming\python\python311\scripts;D:\Program Files\Java\jre\bin;D:\Program Files\platform-tools;;C:\Users\常东辉\.deno\bin

Yarn version: 
  1.22.19

Node version: 
  18.17.1

Platform: 
  win32 x64

Trace: 
  Error: https://registry.npm.taobao.org/@types%2fdayjs: Not found
      at params.callback [as _callback] (C:\Users\常东辉\AppData\Roaming\npm\node_modules\yarn\lib\cli.js:66145:18)
      at self.callback (C:\Users\常东辉\AppData\Roaming\npm\node_modules\yarn\lib\cli.js:140890:22)
      at Request.emit (node:events:514:28)
      at Request.<anonymous> (C:\Users\常东辉\AppData\Roaming\npm\node_modules\yarn\lib\cli.js:141862:10)
      at Request.emit (node:events:514:28)
      at IncomingMessage.<anonymous> (C:\Users\常东辉\AppData\Roaming\npm\node_modules\yarn\lib\cli.js:141784:12)
      at Object.onceWrapper (node:events:628:28)
      at IncomingMessage.emit (node:events:526:35)
      at endReadableNT (node:internal/streams/readable:1359:12)
      at process.processTicksAndRejections (node:internal/process/task_queues:82:21)

npm manifest: 
  {
    "dependencies": {
      "@types/node": "^20.8.10",
      "dayjs": "^1.11.10",
      "vuex": "^4.1.0"
    }
  }

yarn manifest: 
  No manifest

Lockfile: 
  # THIS IS AN AUTOGENERATED FILE. DO NOT EDIT THIS FILE DIRECTLY.
  # yarn lockfile v1
  
  
  "@types/node@^20.8.10":
    version "20.8.10"
    resolved "https://registry.npmmirror.com/@types/node/-/node-20.8.10.tgz#a5448b895c753ae929c26ce85cab557c6d4a365e"
    integrity sha512-TlgT8JntpcbmKUFzjhsyhGfP2fsiz1Mv56im6enJ905xG1DAYesxJaeSbGqQmAw8OWPdhyJGhGSQGKRNJ45u9w==
    dependencies:
      undici-types "~5.26.4"
  
  "@vue/devtools-api@^6.0.0-beta.11":
    version "6.5.1"
    resolved "https://registry.npmmirror.com/@vue/devtools-api/-/devtools-api-6.5.1.tgz#7f71f31e40973eeee65b9a64382b13593fdbd697"
    integrity sha512-+KpckaAQyfbvshdDW5xQylLni1asvNSGme1JFs8I1+/H5pHEhqUKMEQD/qn3Nx5+/nycBq11qAEi8lk+LXI2dA==
  
  dayjs@^1.11.10:
    version "1.11.10"
    resolved "https://registry.npmmirror.com/dayjs/-/dayjs-1.11.10.tgz#68acea85317a6e164457d6d6947564029a6a16a0"
    integrity sha512-vjAczensTgRcqDERK0SR2XMwsF/tSvnvlv6VcF2GIhg6Sx4yOIt/irsr1RDJsKiIyBzJDpCoXiWWq28MqH2cnQ==
  
  undici-types@~5.26.4:
    version "5.26.5"
    resolved "https://registry.npmmirror.com/undici-types/-/undici-types-5.26.5.tgz#bcd539893d00b56e964fd2657a4866b221a65617"
    integrity sha512-JlCMO+ehdEIKqlFxk6IfVoAUVmgz7cU7zD/h9XZ0qzeosSHmUJVOzSQvvYSYWXkFXC+IfLKSIffhv0sVZup6pA==
  
  vuex@^4.1.0:
    version "4.1.0"
    resolved "https://registry.npmmirror.com/vuex/-/vuex-4.1.0.tgz#aa1b3ea5c7385812b074c86faeeec2217872e36c"
    integrity sha512-hmV6UerDrPcgbSy9ORAtNXDr9M4wlNP4pEFKye4ujJF8oqgFFuxDCdOLS3eNoRTtq5O3hoBDh9Doj1bQMYHRbQ==
    dependencies:
      "@vue/devtools-api" "^6.0.0-beta.11"
